

*******************************************************************************
Thu Jul 17 11:04:11 2025


FIT:    data read from 'Etot_vs_alat.dat' u ($1**3/8):($2/2)
        format = x:z
        #datapoints = 5
        residuals are weighted equally (unit weight)

function used for fitting: f(x)
	f(x) = a*x*x + b*x + c
fitted parameters initialized with current variable values

iter      chisq       delta/lim  lambda   a             b             c            
   0 4.0175258303e+06   0.00e+00  1.31e+02    1.000000e+00   1.000000e+00   1.000000e+00
  10 1.2868660473e-07  -2.29e-05  1.31e-08    5.962133e-03  -1.884190e-01  -6.530122e+02

After 10 iterations the fit converged.
final sum of squares of residuals : 1.28687e-07
rel. change during last iteration : -2.28915e-10

degrees of freedom    (FIT_NDF)                        : 2
rms of residuals      (FIT_STDFIT) = sqrt(WSSR/ndf)    : 0.00025366
variance of residuals (reduced chisquare) = WSSR/ndf   : 6.43433e-08

Final set of parameters            Asymptotic Standard Error
=======================            ==========================
a               = 0.00596213       +/- 0.001335     (22.4%)
b               = -0.188419        +/- 0.04013      (21.3%)
c               = -653.012         +/- 0.3014       (0.04615%)

correlation matrix of the fit parameters:
                a      b      c      
a               1.000 
b              -1.000  1.000 
c               1.000 -1.000  1.000 


*******************************************************************************
Thu Jul 17 11:04:11 2025


FIT:    data read from 'Etot_vs_alat.dat' u ($1**3/8):($2/2)
        format = x:z
        #datapoints = 5
        residuals are weighted equally (unit weight)

function used for fitting: m(x)
	m(v) = e0 + b0*v/b0p * ( (v0/v)**b0p / (b0p-1) + 1 )  - b0*v0/(b0p-1)
fitted parameters initialized with current variable values

iter      chisq       delta/lim  lambda   e0            b0            v0            b0p          
   0 1.9770421374e-06   0.00e+00  3.27e+02   -6.545009e+02   1.884190e-01   1.580131e+01   3.500000e+00
  19 1.2831856514e-07  -3.47e-01  3.27e-08   -6.545010e+02   1.615676e-01   1.585890e+01   1.899826e+00

After 19 iterations the fit converged.
final sum of squares of residuals : 1.28319e-07
rel. change during last iteration : -3.46809e-06

degrees of freedom    (FIT_NDF)                        : 1
rms of residuals      (FIT_STDFIT) = sqrt(WSSR/ndf)    : 0.000358216
variance of residuals (reduced chisquare) = WSSR/ndf   : 1.28319e-07

Final set of parameters            Asymptotic Standard Error
=======================            ==========================
e0              = -654.501         +/- 0.003618     (0.0005528%)
b0              = 0.161568         +/- 0.5797       (358.8%)
v0              = 15.8589          +/- 1.416        (8.93%)
b0p             = 1.89983          +/- 62.36        (3282%)

correlation matrix of the fit parameters:
                e0     b0     v0     b0p    
e0              1.000 
b0              0.970  1.000 
v0             -0.990 -0.994  1.000 
b0p            -0.945 -0.995  0.979  1.000 
